f:\hasel wheel project\11. realtimeimplementation\sarahs code_freq_acc_br\khoi_optitrack_client (1)\x64\debug\vc142.pdb
f:\hasel wheel project\11. realtimeimplementation\sarahs code_freq_acc_br\khoi_optitrack_client (1)\x64\debug\vc142.idb
f:\hasel wheel project\11. realtimeimplementation\sarahs code_freq_acc_br\khoi_optitrack_client (1)\x64\debug\test.obj
f:\hasel wheel project\11. realtimeimplementation\sarahs code_freq_acc_br\khoi_optitrack_client (1)\x64\debug\run_parallel.obj
f:\hasel wheel project\11. realtimeimplementation\sarahs code_freq_acc_br\khoi_optitrack_client (1)\x64\debug\reference.obj
f:\hasel wheel project\11. realtimeimplementation\sarahs code_freq_acc_br\khoi_optitrack_client (1)\x64\debug\pso_prediction.obj
f:\hasel wheel project\11. realtimeimplementation\sarahs code_freq_acc_br\khoi_optitrack_client (1)\x64\debug\mpc.obj
f:\hasel wheel project\11. realtimeimplementation\sarahs code_freq_acc_br\khoi_optitrack_client (1)\x64\debug\hybrid.obj
f:\hasel wheel project\11. realtimeimplementation\sarahs code_freq_acc_br\khoi_optitrack_client (1)\x64\debug\greedy_prediction.obj
f:\hasel wheel project\11. realtimeimplementation\sarahs code_freq_acc_br\khoi_optitrack_client (1)\x64\debug\logger.obj
f:\hasel wheel project\11. realtimeimplementation\sarahs code_freq_acc_br\khoi_optitrack_client (1)\x64\debug\teensy_serial.obj
f:\hasel wheel project\11. realtimeimplementation\sarahs code_freq_acc_br\khoi_optitrack_client (1)\x64\debug\serialport.obj
f:\hasel wheel project\11. realtimeimplementation\sarahs code_freq_acc_br\khoi_optitrack_client (1)\x64\debug\serialclass.obj
f:\hasel wheel project\11. realtimeimplementation\sarahs code_freq_acc_br\khoi_optitrack_client (1)\x64\debug\natnet_client.obj
c:\users\khoi's pc\google drive (khly1794@colorado.edu)\hasel wheel project\11. realtimeimplementation\sarahs code_freq_acc_br\khoi_optitrack_client (1)\x64\debug\vc142.pdb
c:\users\khoi's pc\google drive (khly1794@colorado.edu)\hasel wheel project\11. realtimeimplementation\sarahs code_freq_acc_br\khoi_optitrack_client (1)\x64\debug\vc142.idb
c:\users\khoi's pc\google drive (khly1794@colorado.edu)\hasel wheel project\11. realtimeimplementation\sarahs code_freq_acc_br\khoi_optitrack_client (1)\x64\debug\test.obj
c:\users\khoi's pc\google drive (khly1794@colorado.edu)\hasel wheel project\11. realtimeimplementation\sarahs code_freq_acc_br\khoi_optitrack_client (1)\x64\debug\reference.obj
c:\users\khoi's pc\google drive (khly1794@colorado.edu)\hasel wheel project\11. realtimeimplementation\sarahs code_freq_acc_br\khoi_optitrack_client (1)\x64\debug\pso_prediction.obj
c:\users\khoi's pc\google drive (khly1794@colorado.edu)\hasel wheel project\11. realtimeimplementation\sarahs code_freq_acc_br\khoi_optitrack_client (1)\x64\debug\mpc.obj
c:\users\khoi's pc\google drive (khly1794@colorado.edu)\hasel wheel project\11. realtimeimplementation\sarahs code_freq_acc_br\khoi_optitrack_client (1)\x64\debug\hybrid.obj
c:\users\khoi's pc\google drive (khly1794@colorado.edu)\hasel wheel project\11. realtimeimplementation\sarahs code_freq_acc_br\khoi_optitrack_client (1)\x64\debug\greedy_prediction.obj
c:\users\khoi's pc\google drive (khly1794@colorado.edu)\hasel wheel project\11. realtimeimplementation\sarahs code_freq_acc_br\khoi_optitrack_client (1)\x64\debug\logger.obj
c:\users\khoi's pc\google drive (khly1794@colorado.edu)\hasel wheel project\11. realtimeimplementation\sarahs code_freq_acc_br\khoi_optitrack_client (1)\x64\debug\teensy_serial.obj
c:\users\khoi's pc\google drive (khly1794@colorado.edu)\hasel wheel project\11. realtimeimplementation\sarahs code_freq_acc_br\khoi_optitrack_client (1)\x64\debug\serialport.obj
c:\users\khoi's pc\google drive (khly1794@colorado.edu)\hasel wheel project\11. realtimeimplementation\sarahs code_freq_acc_br\khoi_optitrack_client (1)\x64\debug\serialclass.obj
c:\users\khoi's pc\google drive (khly1794@colorado.edu)\hasel wheel project\11. realtimeimplementation\sarahs code_freq_acc_br\khoi_optitrack_client (1)\x64\debug\natnet_client.obj
c:\users\khoi's pc\google drive (khly1794@colorado.edu)\hasel wheel project\11. realtimeimplementation\sarahs code_freq_acc_br\khoi_optitrack_client (1)\x64\debug\run_parallel.obj
f:\hasel wheel project\11. realtimeimplementation\sarahs code_freq_acc_br\khoi_optitrack_client (1)\x64\debug\khoi_optitrack_client.ilk
f:\hasel wheel project\11. realtimeimplementation\sarahs code_freq_acc_br\khoi_optitrack_client (1)\x64\debug\khoi_optitrack_client.exe
f:\hasel wheel project\11. realtimeimplementation\sarahs code_freq_acc_br\khoi_optitrack_client (1)\x64\debug\khoi_optitrack_client.pdb
c:\users\khoi's pc\google drive (khly1794@colorado.edu)\hasel wheel project\11. realtimeimplementation\sarahs code_freq_acc_br\khoi_optitrack_client (1)\x64\debug\khoi_optitrack_client.ilk
c:\users\khoi's pc\google drive (khly1794@colorado.edu)\hasel wheel project\11. realtimeimplementation\sarahs code_freq_acc_br\khoi_optitrack_client (1)\x64\debug\khoi_optitrack_client.exe
c:\users\khoi's pc\google drive (khly1794@colorado.edu)\hasel wheel project\11. realtimeimplementation\sarahs code_freq_acc_br\khoi_optitrack_client (1)\x64\debug\khoi_optitrack_client.pdb
c:\users\khoi's pc\google drive (khly1794@colorado.edu)\hasel wheel project\11. realtimeimplementation\sarahs code_freq_acc_br\khoi_optitrack_client (1)\x64\debug\khoi_opt.100e734c.tlog\cl.command.1.tlog
c:\users\khoi's pc\google drive (khly1794@colorado.edu)\hasel wheel project\11. realtimeimplementation\sarahs code_freq_acc_br\khoi_optitrack_client (1)\x64\debug\khoi_opt.100e734c.tlog\cl.read.1.tlog
c:\users\khoi's pc\google drive (khly1794@colorado.edu)\hasel wheel project\11. realtimeimplementation\sarahs code_freq_acc_br\khoi_optitrack_client (1)\x64\debug\khoi_opt.100e734c.tlog\cl.write.1.tlog
c:\users\khoi's pc\google drive (khly1794@colorado.edu)\hasel wheel project\11. realtimeimplementation\sarahs code_freq_acc_br\khoi_optitrack_client (1)\x64\debug\khoi_opt.100e734c.tlog\link.command.1.tlog
c:\users\khoi's pc\google drive (khly1794@colorado.edu)\hasel wheel project\11. realtimeimplementation\sarahs code_freq_acc_br\khoi_optitrack_client (1)\x64\debug\khoi_opt.100e734c.tlog\link.read.1.tlog
c:\users\khoi's pc\google drive (khly1794@colorado.edu)\hasel wheel project\11. realtimeimplementation\sarahs code_freq_acc_br\khoi_optitrack_client (1)\x64\debug\khoi_opt.100e734c.tlog\link.write.1.tlog
