  run_parallel.cpp
F:\HASEL Wheel Project\11. RealTimeImplementation\Sarahs Code_Freq_acc_br\khoi_optitrack_client (1)\data_collector\src\run_parallel\run_parallel.cpp(106,17): warning C4244: 'initializing': conversion from 'double' to 'float', possible loss of data
F:\HASEL Wheel Project\11. RealTimeImplementation\Sarahs Code_Freq_acc_br\khoi_optitrack_client (1)\data_collector\src\run_parallel\run_parallel.cpp(114,46): warning C4244: '+=': conversion from 'double' to 'float', possible loss of data
F:\HASEL Wheel Project\11. RealTimeImplementation\Sarahs Code_Freq_acc_br\khoi_optitrack_client (1)\data_collector\src\run_parallel\run_parallel.cpp(121,26): warning C4101: 'e': unreferenced local variable
F:\HASEL Wheel Project\11. RealTimeImplementation\Sarahs Code_Freq_acc_br\khoi_optitrack_client (1)\data_collector\src\run_parallel\run_parallel.cpp(137,45): warning C4305: 'initializing': truncation from 'double' to 'float'
F:\HASEL Wheel Project\11. RealTimeImplementation\Sarahs Code_Freq_acc_br\khoi_optitrack_client (1)\data_collector\src\run_parallel\run_parallel.cpp(155,21): warning C4305: 'initializing': truncation from 'double' to 'float'
F:\HASEL Wheel Project\11. RealTimeImplementation\Sarahs Code_Freq_acc_br\khoi_optitrack_client (1)\data_collector\src\run_parallel\run_parallel.cpp(172,70): warning C4305: 'initializing': truncation from 'double' to '_Ty'
          with
          [
              _Ty=float
          ]
F:\HASEL Wheel Project\11. RealTimeImplementation\Sarahs Code_Freq_acc_br\khoi_optitrack_client (1)\data_collector\src\run_parallel\run_parallel.cpp(250,85): warning C4244: 'argument': conversion from 'double' to '_Ty', possible loss of data
          with
          [
              _Ty=float
          ]
F:\HASEL Wheel Project\11. RealTimeImplementation\Sarahs Code_Freq_acc_br\khoi_optitrack_client (1)\data_collector\src\run_parallel\run_parallel.cpp(321,103): warning C4244: 'argument': conversion from '_Ty' to 'const int', possible loss of data
          with
          [
              _Ty=float
          ]
F:\HASEL Wheel Project\11. RealTimeImplementation\Sarahs Code_Freq_acc_br\khoi_optitrack_client (1)\data_collector\src\run_parallel\run_parallel.cpp(324,53): warning C4244: '=': conversion from 'double' to '_Ty', possible loss of data
          with
          [
              _Ty=float
          ]
F:\HASEL Wheel Project\11. RealTimeImplementation\Sarahs Code_Freq_acc_br\khoi_optitrack_client (1)\data_collector\src\run_parallel\run_parallel.cpp(325,53): warning C4244: '=': conversion from 'double' to '_Ty', possible loss of data
          with
          [
              _Ty=float
          ]
F:\HASEL Wheel Project\11. RealTimeImplementation\Sarahs Code_Freq_acc_br\khoi_optitrack_client (1)\data_collector\src\run_parallel\run_parallel.cpp(335,23): warning C4244: 'initializing': conversion from '_Rep' to 'double', possible loss of data
          with
          [
              _Rep=__int64
          ]
  khoi_optitrack_client.vcxproj -> F:\HASEL Wheel Project\11. RealTimeImplementation\Sarahs Code_Freq_acc_br\khoi_optitrack_client (1)\x64\Debug\khoi_optitrack_client.exe
