c:\users\khoi's pc\google drive (khly1794@colorado.edu)\hasel wheel project\11. realtimeimplementation\sarahs code\khoi_optitrack_client (1)\x64\release\vc142.pdb
c:\users\khoi's pc\google drive (khly1794@colorado.edu)\hasel wheel project\11. realtimeimplementation\sarahs code\khoi_optitrack_client (1)\x64\release\test.obj
c:\users\khoi's pc\google drive (khly1794@colorado.edu)\hasel wheel project\11. realtimeimplementation\sarahs code\khoi_optitrack_client (1)\x64\release\run_parallel.obj
c:\users\khoi's pc\google drive (khly1794@colorado.edu)\hasel wheel project\11. realtimeimplementation\sarahs code\khoi_optitrack_client (1)\x64\release\pso_prediction.obj
c:\users\khoi's pc\google drive (khly1794@colorado.edu)\hasel wheel project\11. realtimeimplementation\sarahs code\khoi_optitrack_client (1)\x64\release\mpc.obj
c:\users\khoi's pc\google drive (khly1794@colorado.edu)\hasel wheel project\11. realtimeimplementation\sarahs code\khoi_optitrack_client (1)\x64\release\hybrid.obj
c:\users\khoi's pc\google drive (khly1794@colorado.edu)\hasel wheel project\11. realtimeimplementation\sarahs code\khoi_optitrack_client (1)\x64\release\greedy_prediction.obj
c:\users\khoi's pc\google drive (khly1794@colorado.edu)\hasel wheel project\11. realtimeimplementation\sarahs code\khoi_optitrack_client (1)\x64\release\controller.obj
c:\users\khoi's pc\google drive (khly1794@colorado.edu)\hasel wheel project\11. realtimeimplementation\sarahs code\khoi_optitrack_client (1)\x64\release\logger.obj
c:\users\khoi's pc\google drive (khly1794@colorado.edu)\hasel wheel project\11. realtimeimplementation\sarahs code\khoi_optitrack_client (1)\x64\release\teensy_serial.obj
c:\users\khoi's pc\google drive (khly1794@colorado.edu)\hasel wheel project\11. realtimeimplementation\sarahs code\khoi_optitrack_client (1)\x64\release\natnet_client.obj
c:\users\khoi's pc\google drive (khly1794@colorado.edu)\hasel wheel project\11. realtimeimplementation\sarahs code\khoi_optitrack_client (1)\x64\release\khoi_optitrack_client.ipdb
c:\users\khoi's pc\google drive (khly1794@colorado.edu)\hasel wheel project\11. realtimeimplementation\sarahs code\khoi_optitrack_client (1)\x64\release\khoi_optitrack_client.iobj
c:\users\khoi's pc\google drive (khly1794@colorado.edu)\hasel wheel project\11. realtimeimplementation\sarahs code\khoi_optitrack_client (1)\x64\release\khoi_optitrack_client.exe
c:\users\khoi's pc\google drive (khly1794@colorado.edu)\hasel wheel project\11. realtimeimplementation\sarahs code\khoi_optitrack_client (1)\x64\release\khoi_optitrack_client.pdb
c:\users\khoi's pc\google drive (khly1794@colorado.edu)\hasel wheel project\11. realtimeimplementation\sarahs code\khoi_optitrack_client (1)\x64\release\khoi_opt.100e734c.tlog\cl.command.1.tlog
c:\users\khoi's pc\google drive (khly1794@colorado.edu)\hasel wheel project\11. realtimeimplementation\sarahs code\khoi_optitrack_client (1)\x64\release\khoi_opt.100e734c.tlog\cl.read.1.tlog
c:\users\khoi's pc\google drive (khly1794@colorado.edu)\hasel wheel project\11. realtimeimplementation\sarahs code\khoi_optitrack_client (1)\x64\release\khoi_opt.100e734c.tlog\cl.write.1.tlog
c:\users\khoi's pc\google drive (khly1794@colorado.edu)\hasel wheel project\11. realtimeimplementation\sarahs code\khoi_optitrack_client (1)\x64\release\khoi_opt.100e734c.tlog\khoi_optitrack_client.write.1u.tlog
c:\users\khoi's pc\google drive (khly1794@colorado.edu)\hasel wheel project\11. realtimeimplementation\sarahs code\khoi_optitrack_client (1)\x64\release\khoi_opt.100e734c.tlog\link.command.1.tlog
c:\users\khoi's pc\google drive (khly1794@colorado.edu)\hasel wheel project\11. realtimeimplementation\sarahs code\khoi_optitrack_client (1)\x64\release\khoi_opt.100e734c.tlog\link.read.1.tlog
c:\users\khoi's pc\google drive (khly1794@colorado.edu)\hasel wheel project\11. realtimeimplementation\sarahs code\khoi_optitrack_client (1)\x64\release\khoi_opt.100e734c.tlog\link.write.1.tlog
